<?xml version="1.0" encoding="utf-8"?><testsuites name="pytest tests"><testsuite name="pytest" errors="0" failures="1" skipped="0" tests="19" time="3.185" timestamp="2026-09-04T18:17:09.386146+00:00" hostname="agent-env-888f2089-fac2-473c-914b-be6ef03e4730"><testcase classname="tests.test_calen_backend" name="test_health" time="0.247" /><testcase classname="tests.test_calen_backend" name="test_login_wrong_password" time="0.302" /><testcase classname="tests.test_calen_backend" name="test_auth_me" time="0.772" /><testcase classname="tests.test_calen_backend" name="test_register_and_login" time="0.074"><failure message="AssertionError: {&quot;detail&quot;:[{&quot;type&quot;:&quot;value_error&quot;,&quot;loc&quot;:[&quot;body&quot;,&quot;email&quot;],&quot;msg&quot;:&quot;value is not a valid email address: The part after the @-sign is a special-use or reserved name that cannot be used with email.&quot;,&quot;input&quot;:&quot;test_25699bdc@calen.test&quot;,&quot;ctx&quot;:{&quot;reason&quot;:&quot;The part after the @-sign is a special-use or reserved name that cannot be used with email.&quot;}}]}&#10;assert 422 == 200&#10; +  where 422 = &lt;Response [422]&gt;.status_code">backend/tests/test_calen_backend.py:60: in test_register_and_login
    assert r.status_code == 200, r.text
E   AssertionError: {"detail":[{"type":"value_error","loc":["body","email"],"msg":"value is not a valid email address: The part after the @-sign is a special-use or reserved name that cannot be used with email.","input":"test_25699bdc@calen.test","ctx":{"reason":"The part after the @-sign is a special-use or reserved name that cannot be used with email."}}]}
E   assert 422 == 200
E    +  where 422 = &lt;Response [422]&gt;.status_code</failure></testcase><testcase classname="tests.test_calen_backend" name="test_home_summary" time="0.044" /><testcase classname="tests.test_calen_backend" name="test_doses_today" time="0.048" /><testcase classname="tests.test_calen_backend" name="test_adherence" time="0.042" /><testcase classname="tests.test_calen_backend" name="test_get_medication_by_id_not_shadowed" time="0.111" /><testcase classname="tests.test_calen_backend" name="test_mark_dose" time="0.159" /><testcase classname="tests.test_calen_backend" name="test_calendar_events_range" time="0.040" /><testcase classname="tests.test_calen_backend" name="test_calendar_range_too_large" time="0.079" /><testcase classname="tests.test_calen_backend" name="test_measurements_list" time="0.042" /><testcase classname="tests.test_calen_backend" name="test_create_weight_generates_imc" time="0.116" /><testcase classname="tests.test_calen_backend" name="test_create_symptom" time="0.075" /><testcase classname="tests.test_calen_backend" name="test_fall_risk" time="0.074" /><testcase classname="tests.test_calen_backend" name="test_notifications_and_mark_read" time="0.225" /><testcase classname="tests.test_calen_backend" name="test_seed_idempotent" time="0.084" /><testcase classname="tests.test_calen_backend" name="test_register_push" time="0.217" /><testcase classname="tests.test_calen_backend" name="test_unauth_home" time="0.076" /></testsuite></testsuites>